<testsuites id="" name="" tests="375" failures="351" skipped="0" errors="0" time="159.925261">
<testsuite name="auth.spec.ts" timestamp="2025-09-16T01:42:50.471Z" hostname="chromium" tests="32" failures="32" skipped="0" time="8.216" errors="0">
<testcase name="Authentication UI › Initial State › should show login form by default" classname="auth.spec.ts" time="0.387">
<failure message="auth.spec.ts:165:9 should show login form by default" type="FAILURE">
<![CDATA[  [chromium] › auth.spec.ts:165:9 › Authentication UI › Initial State › should show login form by default 

    Error: page.goto: net::ERR_CONNECTION_REFUSED at http://localhost:8080/
    Call log:
      - navigating to "http://localhost:8080/", waiting until "load"


       9 |   // Navigation methods
      10 |   async goto() {
    > 11 |     await this.page.goto('/');
         |                     ^
      12 |   }
      13 |
      14 |   async goToSignup() {
        at AuthPage.goto (/Users/igor/rust_projects/lgr/live-bootcamp-project/auth-service/tests/ui/tests/auth.spec.ts:11:21)
        at /Users/igor/rust_projects/lgr/live-bootcamp-project/auth-service/tests/ui/tests/auth.spec.ts:161:20

    attachment #1: screenshot (image/png) ──────────────────────────────────────────────────────────
    ../test-results/auth-Authentication-UI-Ini-f4ff7--show-login-form-by-default-chromium/test-failed-1.png
    ────────────────────────────────────────────────────────────────────────────────────────────────

    attachment #2: video (video/webm) ──────────────────────────────────────────────────────────────
    ../test-results/auth-Authentication-UI-Ini-f4ff7--show-login-form-by-default-chromium/video.webm
    ────────────────────────────────────────────────────────────────────────────────────────────────
]]>
</failure>
<system-out>
<![CDATA[
[[ATTACHMENT|test-results/auth-Authentication-UI-Ini-f4ff7--show-login-form-by-default-chromium/test-failed-1.png]]

[[ATTACHMENT|test-results/auth-Authentication-UI-Ini-f4ff7--show-login-form-by-default-chromium/video.webm]]
]]>
</system-out>
</testcase>
<testcase name="Authentication UI › Initial State › should have proper page title and meta" classname="auth.spec.ts" time="0.386">
<failure message="auth.spec.ts:170:9 should have proper page title and meta" type="FAILURE">
<![CDATA[  [chromium] › auth.spec.ts:170:9 › Authentication UI › Initial State › should have proper page title and meta 

    Error: page.goto: net::ERR_CONNECTION_REFUSED at http://localhost:8080/
    Call log:
      - navigating to "http://localhost:8080/", waiting until "load"


       9 |   // Navigation methods
      10 |   async goto() {
    > 11 |     await this.page.goto('/');
         |                     ^
      12 |   }
      13 |
      14 |   async goToSignup() {
        at AuthPage.goto (/Users/igor/rust_projects/lgr/live-bootcamp-project/auth-service/tests/ui/tests/auth.spec.ts:11:21)
        at /Users/igor/rust_projects/lgr/live-bootcamp-project/auth-service/tests/ui/tests/auth.spec.ts:161:20

    attachment #1: screenshot (image/png) ──────────────────────────────────────────────────────────
    ../test-results/auth-Authentication-UI-Ini-9e6a7--proper-page-title-and-meta-chromium/test-failed-1.png
    ────────────────────────────────────────────────────────────────────────────────────────────────

    attachment #2: video (video/webm) ──────────────────────────────────────────────────────────────
    ../test-results/auth-Authentication-UI-Ini-9e6a7--proper-page-title-and-meta-chromium/video.webm
    ────────────────────────────────────────────────────────────────────────────────────────────────
]]>
</failure>
<system-out>
<![CDATA[
[[ATTACHMENT|test-results/auth-Authentication-UI-Ini-9e6a7--proper-page-title-and-meta-chromium/test-failed-1.png]]

[[ATTACHMENT|test-results/auth-Authentication-UI-Ini-9e6a7--proper-page-title-and-meta-chromium/video.webm]]
]]>
</system-out>
</testcase>
<testcase name="Authentication UI › Initial State › should be responsive on mobile" classname="auth.spec.ts" time="0.388">
<failure message="auth.spec.ts:174:9 should be responsive on mobile" type="FAILURE">
<![CDATA[  [chromium] › auth.spec.ts:174:9 › Authentication UI › Initial State › should be responsive on mobile 

    Error: page.goto: net::ERR_CONNECTION_REFUSED at http://localhost:8080/
    Call log:
      - navigating to "http://localhost:8080/", waiting until "load"


       9 |   // Navigation methods
      10 |   async goto() {
    > 11 |     await this.page.goto('/');
         |                     ^
      12 |   }
      13 |
      14 |   async goToSignup() {
        at AuthPage.goto (/Users/igor/rust_projects/lgr/live-bootcamp-project/auth-service/tests/ui/tests/auth.spec.ts:11:21)
        at /Users/igor/rust_projects/lgr/live-bootcamp-project/auth-service/tests/ui/tests/auth.spec.ts:161:20

    attachment #1: screenshot (image/png) ──────────────────────────────────────────────────────────
    ../test-results/auth-Authentication-UI-Ini-2a989-uld-be-responsive-on-mobile-chromium/test-failed-1.png
    ────────────────────────────────────────────────────────────────────────────────────────────────

    attachment #2: video (video/webm) ──────────────────────────────────────────────────────────────
    ../test-results/auth-Authentication-UI-Ini-2a989-uld-be-responsive-on-mobile-chromium/video.webm
    ────────────────────────────────────────────────────────────────────────────────────────────────
]]>
</failure>
<system-out>
<![CDATA[
[[ATTACHMENT|test-results/auth-Authentication-UI-Ini-2a989-uld-be-responsive-on-mobile-chromium/test-failed-1.png]]

[[ATTACHMENT|test-results/auth-Authentication-UI-Ini-2a989-uld-be-responsive-on-mobile-chromium/video.webm]]
]]>
</system-out>
</testcase>
<testcase name="Authentication UI › Navigation › should navigate between login and signup" classname="auth.spec.ts" time="0.385">
<failure message="auth.spec.ts:184:9 should navigate between login and signup" type="FAILURE">
<![CDATA[  [chromium] › auth.spec.ts:184:9 › Authentication UI › Navigation › should navigate between login and signup 

    Error: page.goto: net::ERR_CONNECTION_REFUSED at http://localhost:8080/
    Call log:
      - navigating to "http://localhost:8080/", waiting until "load"


       9 |   // Navigation methods
      10 |   async goto() {
    > 11 |     await this.page.goto('/');
         |                     ^
      12 |   }
      13 |
      14 |   async goToSignup() {
        at AuthPage.goto (/Users/igor/rust_projects/lgr/live-bootcamp-project/auth-service/tests/ui/tests/auth.spec.ts:11:21)
        at /Users/igor/rust_projects/lgr/live-bootcamp-project/auth-service/tests/ui/tests/auth.spec.ts:161:20

    attachment #1: screenshot (image/png) ──────────────────────────────────────────────────────────
    ../test-results/auth-Authentication-UI-Nav-f1502-te-between-login-and-signup-chromium/test-failed-1.png
    ────────────────────────────────────────────────────────────────────────────────────────────────

    attachment #2: video (video/webm) ──────────────────────────────────────────────────────────────
    ../test-results/auth-Authentication-UI-Nav-f1502-te-between-login-and-signup-chromium/video.webm
    ────────────────────────────────────────────────────────────────────────────────────────────────
]]>
</failure>
<system-out>
<![CDATA[
[[ATTACHMENT|test-results/auth-Authentication-UI-Nav-f1502-te-between-login-and-signup-chromium/test-failed-1.png]]

[[ATTACHMENT|test-results/auth-Authentication-UI-Nav-f1502-te-between-login-and-signup-chromium/video.webm]]
]]>
</system-out>
</testcase>
<testcase name="Authentication UI › Navigation › should navigate to forgot password" classname="auth.spec.ts" time="0.254">
<failure message="auth.spec.ts:192:9 should navigate to forgot password" type="FAILURE">
<![CDATA[  [chromium] › auth.spec.ts:192:9 › Authentication UI › Navigation › should navigate to forgot password 

    Error: page.goto: net::ERR_CONNECTION_REFUSED at http://localhost:8080/
    Call log:
      - navigating to "http://localhost:8080/", waiting until "load"


       9 |   // Navigation methods
      10 |   async goto() {
    > 11 |     await this.page.goto('/');
         |                     ^
      12 |   }
      13 |
      14 |   async goToSignup() {
        at AuthPage.goto (/Users/igor/rust_projects/lgr/live-bootcamp-project/auth-service/tests/ui/tests/auth.spec.ts:11:21)
        at /Users/igor/rust_projects/lgr/live-bootcamp-project/auth-service/tests/ui/tests/auth.spec.ts:161:20

    attachment #1: screenshot (image/png) ──────────────────────────────────────────────────────────
    ../test-results/auth-Authentication-UI-Nav-e3b3e-navigate-to-forgot-password-chromium/test-failed-1.png
    ────────────────────────────────────────────────────────────────────────────────────────────────

    attachment #2: video (video/webm) ──────────────────────────────────────────────────────────────
    ../test-results/auth-Authentication-UI-Nav-e3b3e-navigate-to-forgot-password-chromium/video.webm
    ────────────────────────────────────────────────────────────────────────────────────────────────
]]>
</failure>
<system-out>
<![CDATA[
[[ATTACHMENT|test-results/auth-Authentication-UI-Nav-e3b3e-navigate-to-forgot-password-chromium/test-failed-1.png]]

[[ATTACHMENT|test-results/auth-Authentication-UI-Nav-e3b3e-navigate-to-forgot-password-chromium/video.webm]]
]]>
</system-out>
</testcase>
<testcase name="Authentication UI › Navigation › should return to login from forgot password" classname="auth.spec.ts" time="0.222">
<failure message="auth.spec.ts:197:9 should return to login from forgot password" type="FAILURE">
<![CDATA[  [chromium] › auth.spec.ts:197:9 › Authentication UI › Navigation › should return to login from forgot password 

    Error: page.goto: net::ERR_CONNECTION_REFUSED at http://localhost:8080/
    Call log:
      - navigating to "http://localhost:8080/", waiting until "load"


       9 |   // Navigation methods
      10 |   async goto() {
    > 11 |     await this.page.goto('/');
         |                     ^
      12 |   }
      13 |
      14 |   async goToSignup() {
        at AuthPage.goto (/Users/igor/rust_projects/lgr/live-bootcamp-project/auth-service/tests/ui/tests/auth.spec.ts:11:21)
        at /Users/igor/rust_projects/lgr/live-bootcamp-project/auth-service/tests/ui/tests/auth.spec.ts:161:20

    attachment #1: screenshot (image/png) ──────────────────────────────────────────────────────────
    ../test-results/auth-Authentication-UI-Nav-760a8--login-from-forgot-password-chromium/test-failed-1.png
    ────────────────────────────────────────────────────────────────────────────────────────────────

    attachment #2: video (video/webm) ──────────────────────────────────────────────────────────────
    ../test-results/auth-Authentication-UI-Nav-760a8--login-from-forgot-password-chromium/video.webm
    ────────────────────────────────────────────────────────────────────────────────────────────────
]]>
</failure>
<system-out>
<![CDATA[
[[ATTACHMENT|test-results/auth-Authentication-UI-Nav-760a8--login-from-forgot-password-chromium/test-failed-1.png]]

[[ATTACHMENT|test-results/auth-Authentication-UI-Nav-760a8--login-from-forgot-password-chromium/video.webm]]
]]>
</system-out>
</testcase>
<testcase name="Authentication UI › Form Validation › should validate required fields on login" classname="auth.spec.ts" time="0.231">
<failure message="auth.spec.ts:205:9 should validate required fields on login" type="FAILURE">
<![CDATA[  [chromium] › auth.spec.ts:205:9 › Authentication UI › Form Validation › should validate required fields on login 

    Error: page.goto: net::ERR_CONNECTION_REFUSED at http://localhost:8080/
    Call log:
      - navigating to "http://localhost:8080/", waiting until "load"


       9 |   // Navigation methods
      10 |   async goto() {
    > 11 |     await this.page.goto('/');
         |                     ^
      12 |   }
      13 |
      14 |   async goToSignup() {
        at AuthPage.goto (/Users/igor/rust_projects/lgr/live-bootcamp-project/auth-service/tests/ui/tests/auth.spec.ts:11:21)
        at /Users/igor/rust_projects/lgr/live-bootcamp-project/auth-service/tests/ui/tests/auth.spec.ts:161:20

    attachment #1: screenshot (image/png) ──────────────────────────────────────────────────────────
    ../test-results/auth-Authentication-UI-For-b0513-te-required-fields-on-login-chromium/test-failed-1.png
    ────────────────────────────────────────────────────────────────────────────────────────────────

    attachment #2: video (video/webm) ──────────────────────────────────────────────────────────────
    ../test-results/auth-Authentication-UI-For-b0513-te-required-fields-on-login-chromium/video.webm
    ────────────────────────────────────────────────────────────────────────────────────────────────
]]>
</failure>
<system-out>
<![CDATA[
[[ATTACHMENT|test-results/auth-Authentication-UI-For-b0513-te-required-fields-on-login-chromium/test-failed-1.png]]

[[ATTACHMENT|test-results/auth-Authentication-UI-For-b0513-te-required-fields-on-login-chromium/video.webm]]
]]>
</system-out>
</testcase>
<testcase name="Authentication UI › Form Validation › should validate email format" classname="auth.spec.ts" time="0.228">
<failure message="auth.spec.ts:213:9 should validate email format" type="FAILURE">
<![CDATA[  [chromium] › auth.spec.ts:213:9 › Authentication UI › Form Validation › should validate email format 

    Error: page.goto: net::ERR_CONNECTION_REFUSED at http://localhost:8080/
    Call log:
      - navigating to "http://localhost:8080/", waiting until "load"


       9 |   // Navigation methods
      10 |   async goto() {
    > 11 |     await this.page.goto('/');
         |                     ^
      12 |   }
      13 |
      14 |   async goToSignup() {
        at AuthPage.goto (/Users/igor/rust_projects/lgr/live-bootcamp-project/auth-service/tests/ui/tests/auth.spec.ts:11:21)
        at /Users/igor/rust_projects/lgr/live-bootcamp-project/auth-service/tests/ui/tests/auth.spec.ts:161:20

    attachment #1: screenshot (image/png) ──────────────────────────────────────────────────────────
    ../test-results/auth-Authentication-UI-For-0e21a-hould-validate-email-format-chromium/test-failed-1.png
    ────────────────────────────────────────────────────────────────────────────────────────────────

    attachment #2: video (video/webm) ──────────────────────────────────────────────────────────────
    ../test-results/auth-Authentication-UI-For-0e21a-hould-validate-email-format-chromium/video.webm
    ────────────────────────────────────────────────────────────────────────────────────────────────
]]>
</failure>
<system-out>
<![CDATA[
[[ATTACHMENT|test-results/auth-Authentication-UI-For-0e21a-hould-validate-email-format-chromium/test-failed-1.png]]

[[ATTACHMENT|test-results/auth-Authentication-UI-For-0e21a-hould-validate-email-format-chromium/video.webm]]
]]>
</system-out>
</testcase>
<testcase name="Authentication UI › Form Validation › should validate password length" classname="auth.spec.ts" time="0.254">
<failure message="auth.spec.ts:219:9 should validate password length" type="FAILURE">
<![CDATA[  [chromium] › auth.spec.ts:219:9 › Authentication UI › Form Validation › should validate password length 

    Error: page.goto: net::ERR_CONNECTION_REFUSED at http://localhost:8080/
    Call log:
      - navigating to "http://localhost:8080/", waiting until "load"


       9 |   // Navigation methods
      10 |   async goto() {
    > 11 |     await this.page.goto('/');
         |                     ^
      12 |   }
      13 |
      14 |   async goToSignup() {
        at AuthPage.goto (/Users/igor/rust_projects/lgr/live-bootcamp-project/auth-service/tests/ui/tests/auth.spec.ts:11:21)
        at /Users/igor/rust_projects/lgr/live-bootcamp-project/auth-service/tests/ui/tests/auth.spec.ts:161:20

    attachment #1: screenshot (image/png) ──────────────────────────────────────────────────────────
    ../test-results/auth-Authentication-UI-For-6162e-ld-validate-password-length-chromium/test-failed-1.png
    ────────────────────────────────────────────────────────────────────────────────────────────────

    attachment #2: video (video/webm) ──────────────────────────────────────────────────────────────
    ../test-results/auth-Authentication-UI-For-6162e-ld-validate-password-length-chromium/video.webm
    ────────────────────────────────────────────────────────────────────────────────────────────────
]]>
</failure>
<system-out>
<![CDATA[
[[ATTACHMENT|test-results/auth-Authentication-UI-For-6162e-ld-validate-password-length-chromium/test-failed-1.png]]

[[ATTACHMENT|test-results/auth-Authentication-UI-For-6162e-ld-validate-password-length-chromium/video.webm]]
]]>
</system-out>
</testcase>
<testcase name="Authentication UI › Form Validation › should clear field errors on input" classname="auth.spec.ts" time="0.23">
<failure message="auth.spec.ts:225:9 should clear field errors on input" type="FAILURE">
<![CDATA[  [chromium] › auth.spec.ts:225:9 › Authentication UI › Form Validation › should clear field errors on input 

    Error: page.goto: net::ERR_CONNECTION_REFUSED at http://localhost:8080/
    Call log:
      - navigating to "http://localhost:8080/", waiting until "load"


       9 |   // Navigation methods
      10 |   async goto() {
    > 11 |     await this.page.goto('/');
         |                     ^
      12 |   }
      13 |
      14 |   async goToSignup() {
        at AuthPage.goto (/Users/igor/rust_projects/lgr/live-bootcamp-project/auth-service/tests/ui/tests/auth.spec.ts:11:21)
        at /Users/igor/rust_projects/lgr/live-bootcamp-project/auth-service/tests/ui/tests/auth.spec.ts:161:20

    attachment #1: screenshot (image/png) ──────────────────────────────────────────────────────────
    ../test-results/auth-Authentication-UI-For-6d639-clear-field-errors-on-input-chromium/test-failed-1.png
    ────────────────────────────────────────────────────────────────────────────────────────────────

    attachment #2: video (video/webm) ──────────────────────────────────────────────────────────────
    ../test-results/auth-Authentication-UI-For-6d639-clear-field-errors-on-input-chromium/video.webm
    ────────────────────────────────────────────────────────────────────────────────────────────────
]]>
</failure>
<system-out>
<![CDATA[
[[ATTACHMENT|test-results/auth-Authentication-UI-For-6d639-clear-field-errors-on-input-chromium/test-failed-1.png]]

[[ATTACHMENT|test-results/auth-Authentication-UI-For-6d639-clear-field-errors-on-input-chromium/video.webm]]
]]>
</system-out>
</testcase>
<testcase name="Authentication UI › Form Validation › should validate 2FA code format" classname="auth.spec.ts" time="0.232">
<failure message="auth.spec.ts:234:9 should validate 2FA code format" type="FAILURE">
<![CDATA[  [chromium] › auth.spec.ts:234:9 › Authentication UI › Form Validation › should validate 2FA code format 

    Error: page.goto: net::ERR_CONNECTION_REFUSED at http://localhost:8080/
    Call log:
      - navigating to "http://localhost:8080/", waiting until "load"


       9 |   // Navigation methods
      10 |   async goto() {
    > 11 |     await this.page.goto('/');
         |                     ^
      12 |   }
      13 |
      14 |   async goToSignup() {
        at AuthPage.goto (/Users/igor/rust_projects/lgr/live-bootcamp-project/auth-service/tests/ui/tests/auth.spec.ts:11:21)
        at /Users/igor/rust_projects/lgr/live-bootcamp-project/auth-service/tests/ui/tests/auth.spec.ts:161:20

    attachment #1: screenshot (image/png) ──────────────────────────────────────────────────────────
    ../test-results/auth-Authentication-UI-For-799c3-ld-validate-2FA-code-format-chromium/test-failed-1.png
    ────────────────────────────────────────────────────────────────────────────────────────────────

    attachment #2: video (video/webm) ──────────────────────────────────────────────────────────────
    ../test-results/auth-Authentication-UI-For-799c3-ld-validate-2FA-code-format-chromium/video.webm
    ────────────────────────────────────────────────────────────────────────────────────────────────
]]>
</failure>
<system-out>
<![CDATA[
[[ATTACHMENT|test-results/auth-Authentication-UI-For-799c3-ld-validate-2FA-code-format-chromium/test-failed-1.png]]

[[ATTACHMENT|test-results/auth-Authentication-UI-For-799c3-ld-validate-2FA-code-format-chromium/video.webm]]
]]>
</system-out>
</testcase>
<testcase name="Authentication UI › User Flows › should handle signup flow" classname="auth.spec.ts" time="0.234">
<failure message="auth.spec.ts:248:9 should handle signup flow" type="FAILURE">
<![CDATA[  [chromium] › auth.spec.ts:248:9 › Authentication UI › User Flows › should handle signup flow ─────

    Error: page.goto: net::ERR_CONNECTION_REFUSED at http://localhost:8080/
    Call log:
      - navigating to "http://localhost:8080/", waiting until "load"


       9 |   // Navigation methods
      10 |   async goto() {
    > 11 |     await this.page.goto('/');
         |                     ^
      12 |   }
      13 |
      14 |   async goToSignup() {
        at AuthPage.goto (/Users/igor/rust_projects/lgr/live-bootcamp-project/auth-service/tests/ui/tests/auth.spec.ts:11:21)
        at /Users/igor/rust_projects/lgr/live-bootcamp-project/auth-service/tests/ui/tests/auth.spec.ts:161:20

    attachment #1: screenshot (image/png) ──────────────────────────────────────────────────────────
    ../test-results/auth-Authentication-UI-User-Flows-should-handle-signup-flow-chromium/test-failed-1.png
    ────────────────────────────────────────────────────────────────────────────────────────────────

    attachment #2: video (video/webm) ──────────────────────────────────────────────────────────────
    ../test-results/auth-Authentication-UI-User-Flows-should-handle-signup-flow-chromium/video.webm
    ────────────────────────────────────────────────────────────────────────────────────────────────
]]>
</failure>
<system-out>
<![CDATA[
[[ATTACHMENT|test-results/auth-Authentication-UI-User-Flows-should-handle-signup-flow-chromium/test-failed-1.png]]

[[ATTACHMENT|test-results/auth-Authentication-UI-User-Flows-should-handle-signup-flow-chromium/video.webm]]
]]>
</system-out>
</testcase>
<testcase name="Authentication UI › User Flows › should handle signup with 2FA enabled" classname="auth.spec.ts" time="0.241">
<failure message="auth.spec.ts:257:9 should handle signup with 2FA enabled" type="FAILURE">
<![CDATA[  [chromium] › auth.spec.ts:257:9 › Authentication UI › User Flows › should handle signup with 2FA enabled 

    Error: page.goto: net::ERR_CONNECTION_REFUSED at http://localhost:8080/
    Call log:
      - navigating to "http://localhost:8080/", waiting until "load"


       9 |   // Navigation methods
      10 |   async goto() {
    > 11 |     await this.page.goto('/');
         |                     ^
      12 |   }
      13 |
      14 |   async goToSignup() {
        at AuthPage.goto (/Users/igor/rust_projects/lgr/live-bootcamp-project/auth-service/tests/ui/tests/auth.spec.ts:11:21)
        at /Users/igor/rust_projects/lgr/live-bootcamp-project/auth-service/tests/ui/tests/auth.spec.ts:161:20

    attachment #1: screenshot (image/png) ──────────────────────────────────────────────────────────
    ../test-results/auth-Authentication-UI-Use-e6de1-dle-signup-with-2FA-enabled-chromium/test-failed-1.png
    ────────────────────────────────────────────────────────────────────────────────────────────────

    attachment #2: video (video/webm) ──────────────────────────────────────────────────────────────
    ../test-results/auth-Authentication-UI-Use-e6de1-dle-signup-with-2FA-enabled-chromium/video.webm
    ────────────────────────────────────────────────────────────────────────────────────────────────
]]>
</failure>
<system-out>
<![CDATA[
[[ATTACHMENT|test-results/auth-Authentication-UI-Use-e6de1-dle-signup-with-2FA-enabled-chromium/test-failed-1.png]]

[[ATTACHMENT|test-results/auth-Authentication-UI-Use-e6de1-dle-signup-with-2FA-enabled-chromium/video.webm]]
]]>
</system-out>
</testcase>
<testcase name="Authentication UI › User Flows › should handle login flow" classname="auth.spec.ts" time="0.238">
<failure message="auth.spec.ts:265:9 should handle login flow" type="FAILURE">
<![CDATA[  [chromium] › auth.spec.ts:265:9 › Authentication UI › User Flows › should handle login flow ──────

    Error: page.goto: net::ERR_CONNECTION_REFUSED at http://localhost:8080/
    Call log:
      - navigating to "http://localhost:8080/", waiting until "load"


       9 |   // Navigation methods
      10 |   async goto() {
    > 11 |     await this.page.goto('/');
         |                     ^
      12 |   }
      13 |
      14 |   async goToSignup() {
        at AuthPage.goto (/Users/igor/rust_projects/lgr/live-bootcamp-project/auth-service/tests/ui/tests/auth.spec.ts:11:21)
        at /Users/igor/rust_projects/lgr/live-bootcamp-project/auth-service/tests/ui/tests/auth.spec.ts:161:20

    attachment #1: screenshot (image/png) ──────────────────────────────────────────────────────────
    ../test-results/auth-Authentication-UI-User-Flows-should-handle-login-flow-chromium/test-failed-1.png
    ────────────────────────────────────────────────────────────────────────────────────────────────

    attachment #2: video (video/webm) ──────────────────────────────────────────────────────────────
    ../test-results/auth-Authentication-UI-User-Flows-should-handle-login-flow-chromium/video.webm
    ────────────────────────────────────────────────────────────────────────────────────────────────
]]>
</failure>
<system-out>
<![CDATA[
[[ATTACHMENT|test-results/auth-Authentication-UI-User-Flows-should-handle-login-flow-chromium/test-failed-1.png]]

[[ATTACHMENT|test-results/auth-Authentication-UI-User-Flows-should-handle-login-flow-chromium/video.webm]]
]]>
</system-out>
</testcase>
<testcase name="Authentication UI › User Flows › should handle login with 2FA" classname="auth.spec.ts" time="0.232">
<failure message="auth.spec.ts:276:9 should handle login with 2FA" type="FAILURE">
<![CDATA[  [chromium] › auth.spec.ts:276:9 › Authentication UI › User Flows › should handle login with 2FA ──

    Error: page.goto: net::ERR_CONNECTION_REFUSED at http://localhost:8080/
    Call log:
      - navigating to "http://localhost:8080/", waiting until "load"


       9 |   // Navigation methods
      10 |   async goto() {
    > 11 |     await this.page.goto('/');
         |                     ^
      12 |   }
      13 |
      14 |   async goToSignup() {
        at AuthPage.goto (/Users/igor/rust_projects/lgr/live-bootcamp-project/auth-service/tests/ui/tests/auth.spec.ts:11:21)
        at /Users/igor/rust_projects/lgr/live-bootcamp-project/auth-service/tests/ui/tests/auth.spec.ts:161:20

    attachment #1: screenshot (image/png) ──────────────────────────────────────────────────────────
    ../test-results/auth-Authentication-UI-Use-15b27-hould-handle-login-with-2FA-chromium/test-failed-1.png
    ────────────────────────────────────────────────────────────────────────────────────────────────

    attachment #2: video (video/webm) ──────────────────────────────────────────────────────────────
    ../test-results/auth-Authentication-UI-Use-15b27-hould-handle-login-with-2FA-chromium/video.webm
    ────────────────────────────────────────────────────────────────────────────────────────────────
]]>
</failure>
<system-out>
<![CDATA[
[[ATTACHMENT|test-results/auth-Authentication-UI-Use-15b27-hould-handle-login-with-2FA-chromium/test-failed-1.png]]

[[ATTACHMENT|test-results/auth-Authentication-UI-Use-15b27-hould-handle-login-with-2FA-chromium/video.webm]]
]]>
</system-out>
</testcase>
<testcase name="Authentication UI › User Flows › should handle forgot password flow" classname="auth.spec.ts" time="0.242">
<failure message="auth.spec.ts:285:9 should handle forgot password flow" type="FAILURE">
<![CDATA[  [chromium] › auth.spec.ts:285:9 › Authentication UI › User Flows › should handle forgot password flow 

    Error: page.goto: net::ERR_CONNECTION_REFUSED at http://localhost:8080/
    Call log:
      - navigating to "http://localhost:8080/", waiting until "load"


       9 |   // Navigation methods
      10 |   async goto() {
    > 11 |     await this.page.goto('/');
         |                     ^
      12 |   }
      13 |
      14 |   async goToSignup() {
        at AuthPage.goto (/Users/igor/rust_projects/lgr/live-bootcamp-project/auth-service/tests/ui/tests/auth.spec.ts:11:21)
        at /Users/igor/rust_projects/lgr/live-bootcamp-project/auth-service/tests/ui/tests/auth.spec.ts:161:20

    attachment #1: screenshot (image/png) ──────────────────────────────────────────────────────────
    ../test-results/auth-Authentication-UI-Use-18fa9-handle-forgot-password-flow-chromium/test-failed-1.png
    ────────────────────────────────────────────────────────────────────────────────────────────────

    attachment #2: video (video/webm) ──────────────────────────────────────────────────────────────
    ../test-results/auth-Authentication-UI-Use-18fa9-handle-forgot-password-flow-chromium/video.webm
    ────────────────────────────────────────────────────────────────────────────────────────────────
]]>
</failure>
<system-out>
<![CDATA[
[[ATTACHMENT|test-results/auth-Authentication-UI-Use-18fa9-handle-forgot-password-flow-chromium/test-failed-1.png]]

[[ATTACHMENT|test-results/auth-Authentication-UI-Use-18fa9-handle-forgot-password-flow-chromium/video.webm]]
]]>
</system-out>
</testcase>
<testcase name="Authentication UI › User Flows › should handle logout" classname="auth.spec.ts" time="0.244">
<failure message="auth.spec.ts:294:9 should handle logout" type="FAILURE">
<![CDATA[  [chromium] › auth.spec.ts:294:9 › Authentication UI › User Flows › should handle logout ──────────

    Error: page.goto: net::ERR_CONNECTION_REFUSED at http://localhost:8080/
    Call log:
      - navigating to "http://localhost:8080/", waiting until "load"


       9 |   // Navigation methods
      10 |   async goto() {
    > 11 |     await this.page.goto('/');
         |                     ^
      12 |   }
      13 |
      14 |   async goToSignup() {
        at AuthPage.goto (/Users/igor/rust_projects/lgr/live-bootcamp-project/auth-service/tests/ui/tests/auth.spec.ts:11:21)
        at /Users/igor/rust_projects/lgr/live-bootcamp-project/auth-service/tests/ui/tests/auth.spec.ts:161:20

    attachment #1: screenshot (image/png) ──────────────────────────────────────────────────────────
    ../test-results/auth-Authentication-UI-User-Flows-should-handle-logout-chromium/test-failed-1.png
    ────────────────────────────────────────────────────────────────────────────────────────────────

    attachment #2: video (video/webm) ──────────────────────────────────────────────────────────────
    ../test-results/auth-Authentication-UI-User-Flows-should-handle-logout-chromium/video.webm
    ────────────────────────────────────────────────────────────────────────────────────────────────
]]>
</failure>
<system-out>
<![CDATA[
[[ATTACHMENT|test-results/auth-Authentication-UI-User-Flows-should-handle-logout-chromium/test-failed-1.png]]

[[ATTACHMENT|test-results/auth-Authentication-UI-User-Flows-should-handle-logout-chromium/video.webm]]
]]>
</system-out>
</testcase>
<testcase name="Authentication UI › Loading States › should show loading state on form submission" classname="auth.spec.ts" time="0.257">
<failure message="auth.spec.ts:308:9 should show loading state on form submission" type="FAILURE">
<![CDATA[  [chromium] › auth.spec.ts:308:9 › Authentication UI › Loading States › should show loading state on form submission 

    Error: page.goto: net::ERR_CONNECTION_REFUSED at http://localhost:8080/
    Call log:
      - navigating to "http://localhost:8080/", waiting until "load"


       9 |   // Navigation methods
      10 |   async goto() {
    > 11 |     await this.page.goto('/');
         |                     ^
      12 |   }
      13 |
      14 |   async goToSignup() {
        at AuthPage.goto (/Users/igor/rust_projects/lgr/live-bootcamp-project/auth-service/tests/ui/tests/auth.spec.ts:11:21)
        at /Users/igor/rust_projects/lgr/live-bootcamp-project/auth-service/tests/ui/tests/auth.spec.ts:161:20

    attachment #1: screenshot (image/png) ──────────────────────────────────────────────────────────
    ../test-results/auth-Authentication-UI-Loa-212fd-ng-state-on-form-submission-chromium/test-failed-1.png
    ────────────────────────────────────────────────────────────────────────────────────────────────

    attachment #2: video (video/webm) ──────────────────────────────────────────────────────────────
    ../test-results/auth-Authentication-UI-Loa-212fd-ng-state-on-form-submission-chromium/video.webm
    ────────────────────────────────────────────────────────────────────────────────────────────────
]]>
</failure>
<system-out>
<![CDATA[
[[ATTACHMENT|test-results/auth-Authentication-UI-Loa-212fd-ng-state-on-form-submission-chromium/test-failed-1.png]]

[[ATTACHMENT|test-results/auth-Authentication-UI-Loa-212fd-ng-state-on-form-submission-chromium/video.webm]]
]]>
</system-out>
</testcase>
<testcase name="Authentication UI › Error Handling › should display server errors" classname="auth.spec.ts" time="0.237">
<failure message="auth.spec.ts:322:9 should display server errors" type="FAILURE">
<![CDATA[  [chromium] › auth.spec.ts:322:9 › Authentication UI › Error Handling › should display server errors 

    Error: page.goto: net::ERR_CONNECTION_REFUSED at http://localhost:8080/
    Call log:
      - navigating to "http://localhost:8080/", waiting until "load"


       9 |   // Navigation methods
      10 |   async goto() {
    > 11 |     await this.page.goto('/');
         |                     ^
      12 |   }
      13 |
      14 |   async goToSignup() {
        at AuthPage.goto (/Users/igor/rust_projects/lgr/live-bootcamp-project/auth-service/tests/ui/tests/auth.spec.ts:11:21)
        at /Users/igor/rust_projects/lgr/live-bootcamp-project/auth-service/tests/ui/tests/auth.spec.ts:161:20

    attachment #1: screenshot (image/png) ──────────────────────────────────────────────────────────
    ../test-results/auth-Authentication-UI-Err-5ca76-hould-display-server-errors-chromium/test-failed-1.png
    ────────────────────────────────────────────────────────────────────────────────────────────────

    attachment #2: video (video/webm) ──────────────────────────────────────────────────────────────
    ../test-results/auth-Authentication-UI-Err-5ca76-hould-display-server-errors-chromium/video.webm
    ────────────────────────────────────────────────────────────────────────────────────────────────
]]>
</failure>
<system-out>
<![CDATA[
[[ATTACHMENT|test-results/auth-Authentication-UI-Err-5ca76-hould-display-server-errors-chromium/test-failed-1.png]]

[[ATTACHMENT|test-results/auth-Authentication-UI-Err-5ca76-hould-display-server-errors-chromium/video.webm]]
]]>
</system-out>
</testcase>
<testcase name="Authentication UI › Error Handling › should handle network errors gracefully" classname="auth.spec.ts" time="0.245">
<failure message="auth.spec.ts:327:9 should handle network errors gracefully" type="FAILURE">
<![CDATA[  [chromium] › auth.spec.ts:327:9 › Authentication UI › Error Handling › should handle network errors gracefully 

    Error: page.goto: net::ERR_CONNECTION_REFUSED at http://localhost:8080/
    Call log:
      - navigating to "http://localhost:8080/", waiting until "load"


       9 |   // Navigation methods
      10 |   async goto() {
    > 11 |     await this.page.goto('/');
         |                     ^
      12 |   }
      13 |
      14 |   async goToSignup() {
        at AuthPage.goto (/Users/igor/rust_projects/lgr/live-bootcamp-project/auth-service/tests/ui/tests/auth.spec.ts:11:21)
        at /Users/igor/rust_projects/lgr/live-bootcamp-project/auth-service/tests/ui/tests/auth.spec.ts:161:20

    attachment #1: screenshot (image/png) ──────────────────────────────────────────────────────────
    ../test-results/auth-Authentication-UI-Err-70c39-e-network-errors-gracefully-chromium/test-failed-1.png
    ────────────────────────────────────────────────────────────────────────────────────────────────

    attachment #2: video (video/webm) ──────────────────────────────────────────────────────────────
    ../test-results/auth-Authentication-UI-Err-70c39-e-network-errors-gracefully-chromium/video.webm
    ────────────────────────────────────────────────────────────────────────────────────────────────
]]>
</failure>
<system-out>
<![CDATA[
[[ATTACHMENT|test-results/auth-Authentication-UI-Err-70c39-e-network-errors-gracefully-chromium/test-failed-1.png]]

[[ATTACHMENT|test-results/auth-Authentication-UI-Err-70c39-e-network-errors-gracefully-chromium/video.webm]]
]]>
</system-out>
</testcase>
<testcase name="Authentication UI › Accessibility › should have proper ARIA labels" classname="auth.spec.ts" time="0.233">
<failure message="auth.spec.ts:337:9 should have proper ARIA labels" type="FAILURE">
<![CDATA[  [chromium] › auth.spec.ts:337:9 › Authentication UI › Accessibility › should have proper ARIA labels 

    Error: page.goto: net::ERR_CONNECTION_REFUSED at http://localhost:8080/
    Call log:
      - navigating to "http://localhost:8080/", waiting until "load"


       9 |   // Navigation methods
      10 |   async goto() {
    > 11 |     await this.page.goto('/');
         |                     ^
      12 |   }
      13 |
      14 |   async goToSignup() {
        at AuthPage.goto (/Users/igor/rust_projects/lgr/live-bootcamp-project/auth-service/tests/ui/tests/auth.spec.ts:11:21)
        at /Users/igor/rust_projects/lgr/live-bootcamp-project/auth-service/tests/ui/tests/auth.spec.ts:161:20

    attachment #1: screenshot (image/png) ──────────────────────────────────────────────────────────
    ../test-results/auth-Authentication-UI-Acc-bb75a-uld-have-proper-ARIA-labels-chromium/test-failed-1.png
    ────────────────────────────────────────────────────────────────────────────────────────────────

    attachment #2: video (video/webm) ──────────────────────────────────────────────────────────────
    ../test-results/auth-Authentication-UI-Acc-bb75a-uld-have-proper-ARIA-labels-chromium/video.webm
    ────────────────────────────────────────────────────────────────────────────────────────────────
]]>
</failure>
<system-out>
<![CDATA[
[[ATTACHMENT|test-results/auth-Authentication-UI-Acc-bb75a-uld-have-proper-ARIA-labels-chromium/test-failed-1.png]]

[[ATTACHMENT|test-results/auth-Authentication-UI-Acc-bb75a-uld-have-proper-ARIA-labels-chromium/video.webm]]
]]>
</system-out>
</testcase>
<testcase name="Authentication UI › Accessibility › should announce errors to screen readers" classname="auth.spec.ts" time="0.238">
<failure message="auth.spec.ts:342:9 should announce errors to screen readers" type="FAILURE">
<![CDATA[  [chromium] › auth.spec.ts:342:9 › Authentication UI › Accessibility › should announce errors to screen readers 

    Error: page.goto: net::ERR_CONNECTION_REFUSED at http://localhost:8080/
    Call log:
      - navigating to "http://localhost:8080/", waiting until "load"


       9 |   // Navigation methods
      10 |   async goto() {
    > 11 |     await this.page.goto('/');
         |                     ^
      12 |   }
      13 |
      14 |   async goToSignup() {
        at AuthPage.goto (/Users/igor/rust_projects/lgr/live-bootcamp-project/auth-service/tests/ui/tests/auth.spec.ts:11:21)
        at /Users/igor/rust_projects/lgr/live-bootcamp-project/auth-service/tests/ui/tests/auth.spec.ts:161:20

    attachment #1: screenshot (image/png) ──────────────────────────────────────────────────────────
    ../test-results/auth-Authentication-UI-Acc-994ec-ce-errors-to-screen-readers-chromium/test-failed-1.png
    ────────────────────────────────────────────────────────────────────────────────────────────────

    attachment #2: video (video/webm) ──────────────────────────────────────────────────────────────
    ../test-results/auth-Authentication-UI-Acc-994ec-ce-errors-to-screen-readers-chromium/video.webm
    ────────────────────────────────────────────────────────────────────────────────────────────────
]]>
</failure>
<system-out>
<![CDATA[
[[ATTACHMENT|test-results/auth-Authentication-UI-Acc-994ec-ce-errors-to-screen-readers-chromium/test-failed-1.png]]

[[ATTACHMENT|test-results/auth-Authentication-UI-Acc-994ec-ce-errors-to-screen-readers-chromium/video.webm]]
]]>
</system-out>
</testcase>
<testcase name="Authentication UI › Accessibility › should support keyboard navigation" classname="auth.spec.ts" time="0.253">
<failure message="auth.spec.ts:347:9 should support keyboard navigation" type="FAILURE">
<![CDATA[  [chromium] › auth.spec.ts:347:9 › Authentication UI › Accessibility › should support keyboard navigation 

    Error: page.goto: net::ERR_CONNECTION_REFUSED at http://localhost:8080/
    Call log:
      - navigating to "http://localhost:8080/", waiting until "load"


       9 |   // Navigation methods
      10 |   async goto() {
    > 11 |     await this.page.goto('/');
         |                     ^
      12 |   }
      13 |
      14 |   async goToSignup() {
        at AuthPage.goto (/Users/igor/rust_projects/lgr/live-bootcamp-project/auth-service/tests/ui/tests/auth.spec.ts:11:21)
        at /Users/igor/rust_projects/lgr/live-bootcamp-project/auth-service/tests/ui/tests/auth.spec.ts:161:20

    attachment #1: screenshot (image/png) ──────────────────────────────────────────────────────────
    ../test-results/auth-Authentication-UI-Acc-1f0ca-support-keyboard-navigation-chromium/test-failed-1.png
    ────────────────────────────────────────────────────────────────────────────────────────────────

    attachment #2: video (video/webm) ──────────────────────────────────────────────────────────────
    ../test-results/auth-Authentication-UI-Acc-1f0ca-support-keyboard-navigation-chromium/video.webm
    ────────────────────────────────────────────────────────────────────────────────────────────────
]]>
</failure>
<system-out>
<![CDATA[
[[ATTACHMENT|test-results/auth-Authentication-UI-Acc-1f0ca-support-keyboard-navigation-chromium/test-failed-1.png]]

[[ATTACHMENT|test-results/auth-Authentication-UI-Acc-1f0ca-support-keyboard-navigation-chromium/video.webm]]
]]>
</system-out>
</testcase>
<testcase name="Authentication UI › Accessibility › should have proper contrast ratios" classname="auth.spec.ts" time="0.231">
<failure message="auth.spec.ts:358:9 should have proper contrast ratios" type="FAILURE">
<![CDATA[  [chromium] › auth.spec.ts:358:9 › Authentication UI › Accessibility › should have proper contrast ratios 

    Error: page.goto: net::ERR_CONNECTION_REFUSED at http://localhost:8080/
    Call log:
      - navigating to "http://localhost:8080/", waiting until "load"


       9 |   // Navigation methods
      10 |   async goto() {
    > 11 |     await this.page.goto('/');
         |                     ^
      12 |   }
      13 |
      14 |   async goToSignup() {
        at AuthPage.goto (/Users/igor/rust_projects/lgr/live-bootcamp-project/auth-service/tests/ui/tests/auth.spec.ts:11:21)
        at /Users/igor/rust_projects/lgr/live-bootcamp-project/auth-service/tests/ui/tests/auth.spec.ts:161:20

    attachment #1: screenshot (image/png) ──────────────────────────────────────────────────────────
    ../test-results/auth-Authentication-UI-Acc-aa641-have-proper-contrast-ratios-chromium/test-failed-1.png
    ────────────────────────────────────────────────────────────────────────────────────────────────

    attachment #2: video (video/webm) ──────────────────────────────────────────────────────────────
    ../test-results/auth-Authentication-UI-Acc-aa641-have-proper-contrast-ratios-chromium/video.webm
    ────────────────────────────────────────────────────────────────────────────────────────────────
]]>
</failure>
<system-out>
<![CDATA[
[[ATTACHMENT|test-results/auth-Authentication-UI-Acc-aa641-have-proper-contrast-ratios-chromium/test-failed-1.png]]

[[ATTACHMENT|test-results/auth-Authentication-UI-Acc-aa641-have-proper-contrast-ratios-chromium/video.webm]]
]]>
</system-out>
</testcase>
<testcase name="Authentication UI › Visual Regression › should match login page screenshot" classname="auth.spec.ts" time="0.225">
<failure message="auth.spec.ts:368:9 should match login page screenshot" type="FAILURE">
<![CDATA[  [chromium] › auth.spec.ts:368:9 › Authentication UI › Visual Regression › should match login page screenshot 

    Error: page.goto: net::ERR_CONNECTION_REFUSED at http://localhost:8080/
    Call log:
      - navigating to "http://localhost:8080/", waiting until "load"


       9 |   // Navigation methods
      10 |   async goto() {
    > 11 |     await this.page.goto('/');
         |                     ^
      12 |   }
      13 |
      14 |   async goToSignup() {
        at AuthPage.goto (/Users/igor/rust_projects/lgr/live-bootcamp-project/auth-service/tests/ui/tests/auth.spec.ts:11:21)
        at /Users/igor/rust_projects/lgr/live-bootcamp-project/auth-service/tests/ui/tests/auth.spec.ts:161:20

    attachment #1: screenshot (image/png) ──────────────────────────────────────────────────────────
    ../test-results/auth-Authentication-UI-Vis-b2049-match-login-page-screenshot-chromium/test-failed-1.png
    ────────────────────────────────────────────────────────────────────────────────────────────────

    attachment #2: video (video/webm) ──────────────────────────────────────────────────────────────
    ../test-results/auth-Authentication-UI-Vis-b2049-match-login-page-screenshot-chromium/video.webm
    ────────────────────────────────────────────────────────────────────────────────────────────────
]]>
</failure>
<system-out>
<![CDATA[
[[ATTACHMENT|test-results/auth-Authentication-UI-Vis-b2049-match-login-page-screenshot-chromium/test-failed-1.png]]

[[ATTACHMENT|test-results/auth-Authentication-UI-Vis-b2049-match-login-page-screenshot-chromium/video.webm]]
]]>
</system-out>
</testcase>
<testcase name="Authentication UI › Visual Regression › should match signup page screenshot" classname="auth.spec.ts" time="0.22">
<failure message="auth.spec.ts:372:9 should match signup page screenshot" type="FAILURE">
<![CDATA[  [chromium] › auth.spec.ts:372:9 › Authentication UI › Visual Regression › should match signup page screenshot 

    Error: page.goto: net::ERR_CONNECTION_REFUSED at http://localhost:8080/
    Call log:
      - navigating to "http://localhost:8080/", waiting until "load"


       9 |   // Navigation methods
      10 |   async goto() {
    > 11 |     await this.page.goto('/');
         |                     ^
      12 |   }
      13 |
      14 |   async goToSignup() {
        at AuthPage.goto (/Users/igor/rust_projects/lgr/live-bootcamp-project/auth-service/tests/ui/tests/auth.spec.ts:11:21)
        at /Users/igor/rust_projects/lgr/live-bootcamp-project/auth-service/tests/ui/tests/auth.spec.ts:161:20

    attachment #1: screenshot (image/png) ──────────────────────────────────────────────────────────
    ../test-results/auth-Authentication-UI-Vis-4b3f4-atch-signup-page-screenshot-chromium/test-failed-1.png
    ────────────────────────────────────────────────────────────────────────────────────────────────

    attachment #2: video (video/webm) ──────────────────────────────────────────────────────────────
    ../test-results/auth-Authentication-UI-Vis-4b3f4-atch-signup-page-screenshot-chromium/video.webm
    ────────────────────────────────────────────────────────────────────────────────────────────────
]]>
</failure>
<system-out>
<![CDATA[
[[ATTACHMENT|test-results/auth-Authentication-UI-Vis-4b3f4-atch-signup-page-screenshot-chromium/test-failed-1.png]]

[[ATTACHMENT|test-results/auth-Authentication-UI-Vis-4b3f4-atch-signup-page-screenshot-chromium/video.webm]]
]]>
</system-out>
</testcase>
<testcase name="Authentication UI › Visual Regression › should match settings page screenshot" classname="auth.spec.ts" time="0.248">
<failure message="auth.spec.ts:377:9 should match settings page screenshot" type="FAILURE">
<![CDATA[  [chromium] › auth.spec.ts:377:9 › Authentication UI › Visual Regression › should match settings page screenshot 

    Error: page.goto: net::ERR_CONNECTION_REFUSED at http://localhost:8080/
    Call log:
      - navigating to "http://localhost:8080/", waiting until "load"


       9 |   // Navigation methods
      10 |   async goto() {
    > 11 |     await this.page.goto('/');
         |                     ^
      12 |   }
      13 |
      14 |   async goToSignup() {
        at AuthPage.goto (/Users/igor/rust_projects/lgr/live-bootcamp-project/auth-service/tests/ui/tests/auth.spec.ts:11:21)
        at /Users/igor/rust_projects/lgr/live-bootcamp-project/auth-service/tests/ui/tests/auth.spec.ts:161:20

    attachment #1: screenshot (image/png) ──────────────────────────────────────────────────────────
    ../test-results/auth-Authentication-UI-Vis-3ad05-ch-settings-page-screenshot-chromium/test-failed-1.png
    ────────────────────────────────────────────────────────────────────────────────────────────────

    attachment #2: video (video/webm) ──────────────────────────────────────────────────────────────
    ../test-results/auth-Authentication-UI-Vis-3ad05-ch-settings-page-screenshot-chromium/video.webm
    ────────────────────────────────────────────────────────────────────────────────────────────────
]]>
</failure>
<system-out>
<![CDATA[
[[ATTACHMENT|test-results/auth-Authentication-UI-Vis-3ad05-ch-settings-page-screenshot-chromium/test-failed-1.png]]

[[ATTACHMENT|test-results/auth-Authentication-UI-Vis-3ad05-ch-settings-page-screenshot-chromium/video.webm]]
]]>
</system-out>
</testcase>
<testcase name="Authentication UI › Visual Regression › should match error states" classname="auth.spec.ts" time="0.239">
<failure message="auth.spec.ts:391:9 should match error states" type="FAILURE">
<![CDATA[  [chromium] › auth.spec.ts:391:9 › Authentication UI › Visual Regression › should match error states 

    Error: page.goto: net::ERR_CONNECTION_REFUSED at http://localhost:8080/
    Call log:
      - navigating to "http://localhost:8080/", waiting until "load"


       9 |   // Navigation methods
      10 |   async goto() {
    > 11 |     await this.page.goto('/');
         |                     ^
      12 |   }
      13 |
      14 |   async goToSignup() {
        at AuthPage.goto (/Users/igor/rust_projects/lgr/live-bootcamp-project/auth-service/tests/ui/tests/auth.spec.ts:11:21)
        at /Users/igor/rust_projects/lgr/live-bootcamp-project/auth-service/tests/ui/tests/auth.spec.ts:161:20

    attachment #1: screenshot (image/png) ──────────────────────────────────────────────────────────
    ../test-results/auth-Authentication-UI-Vis-131c6-n-should-match-error-states-chromium/test-failed-1.png
    ────────────────────────────────────────────────────────────────────────────────────────────────

    attachment #2: video (video/webm) ──────────────────────────────────────────────────────────────
    ../test-results/auth-Authentication-UI-Vis-131c6-n-should-match-error-states-chromium/video.webm
    ────────────────────────────────────────────────────────────────────────────────────────────────
]]>
</failure>
<system-out>
<![CDATA[
[[ATTACHMENT|test-results/auth-Authentication-UI-Vis-131c6-n-should-match-error-states-chromium/test-failed-1.png]]

[[ATTACHMENT|test-results/auth-Authentication-UI-Vis-131c6-n-should-match-error-states-chromium/video.webm]]
]]>
</system-out>
</testcase>
<testcase name="Authentication UI › Visual Regression › should match mobile layout" classname="auth.spec.ts" time="0.243">
<failure message="auth.spec.ts:396:9 should match mobile layout" type="FAILURE">
<![CDATA[  [chromium] › auth.spec.ts:396:9 › Authentication UI › Visual Regression › should match mobile layout 

    Error: page.goto: net::ERR_CONNECTION_REFUSED at http://localhost:8080/
    Call log:
      - navigating to "http://localhost:8080/", waiting until "load"


       9 |   // Navigation methods
      10 |   async goto() {
    > 11 |     await this.page.goto('/');
         |                     ^
      12 |   }
      13 |
      14 |   async goToSignup() {
        at AuthPage.goto (/Users/igor/rust_projects/lgr/live-bootcamp-project/auth-service/tests/ui/tests/auth.spec.ts:11:21)
        at /Users/igor/rust_projects/lgr/live-bootcamp-project/auth-service/tests/ui/tests/auth.spec.ts:161:20

    attachment #1: screenshot (image/png) ──────────────────────────────────────────────────────────
    ../test-results/auth-Authentication-UI-Vis-e4366--should-match-mobile-layout-chromium/test-failed-1.png
    ────────────────────────────────────────────────────────────────────────────────────────────────

    attachment #2: video (video/webm) ──────────────────────────────────────────────────────────────
    ../test-results/auth-Authentication-UI-Vis-e4366--should-match-mobile-layout-chromium/video.webm
    ────────────────────────────────────────────────────────────────────────────────────────────────
]]>
</failure>
<system-out>
<![CDATA[
[[ATTACHMENT|test-results/auth-Authentication-UI-Vis-e4366--should-match-mobile-layout-chromium/test-failed-1.png]]

[[ATTACHMENT|test-results/auth-Authentication-UI-Vis-e4366--should-match-mobile-layout-chromium/video.webm]]
]]>
</system-out>
</testcase>
<testcase name="Authentication UI › Performance › should load quickly" classname="auth.spec.ts" time="0.229">
<failure message="auth.spec.ts:403:9 should load quickly" type="FAILURE">
<![CDATA[  [chromium] › auth.spec.ts:403:9 › Authentication UI › Performance › should load quickly ──────────

    Error: page.goto: net::ERR_CONNECTION_REFUSED at http://localhost:8080/
    Call log:
      - navigating to "http://localhost:8080/", waiting until "load"


       9 |   // Navigation methods
      10 |   async goto() {
    > 11 |     await this.page.goto('/');
         |                     ^
      12 |   }
      13 |
      14 |   async goToSignup() {
        at AuthPage.goto (/Users/igor/rust_projects/lgr/live-bootcamp-project/auth-service/tests/ui/tests/auth.spec.ts:11:21)
        at /Users/igor/rust_projects/lgr/live-bootcamp-project/auth-service/tests/ui/tests/auth.spec.ts:161:20

    attachment #1: screenshot (image/png) ──────────────────────────────────────────────────────────
    ../test-results/auth-Authentication-UI-Performance-should-load-quickly-chromium/test-failed-1.png
    ────────────────────────────────────────────────────────────────────────────────────────────────

    attachment #2: video (video/webm) ──────────────────────────────────────────────────────────────
    ../test-results/auth-Authentication-UI-Performance-should-load-quickly-chromium/video.webm
    ────────────────────────────────────────────────────────────────────────────────────────────────
]]>
</failure>
<system-out>
<![CDATA[
[[ATTACHMENT|test-results/auth-Authentication-UI-Performance-should-load-quickly-chromium/test-failed-1.png]]

[[ATTACHMENT|test-results/auth-Authentication-UI-Performance-should-load-quickly-chromium/video.webm]]
]]>
</system-out>
</testcase>
<testcase name="Authentication UI › Performance › should not have memory leaks" classname="auth.spec.ts" time="0.257">
<failure message="auth.spec.ts:411:9 should not have memory leaks" type="FAILURE">
<![CDATA[  [chromium] › auth.spec.ts:411:9 › Authentication UI › Performance › should not have memory leaks ─

    Error: page.goto: net::ERR_CONNECTION_REFUSED at http://localhost:8080/
    Call log:
      - navigating to "http://localhost:8080/", waiting until "load"


       9 |   // Navigation methods
      10 |   async goto() {
    > 11 |     await this.page.goto('/');
         |                     ^
      12 |   }
      13 |
      14 |   async goToSignup() {
        at AuthPage.goto (/Users/igor/rust_projects/lgr/live-bootcamp-project/auth-service/tests/ui/tests/auth.spec.ts:11:21)
        at /Users/igor/rust_projects/lgr/live-bootcamp-project/auth-service/tests/ui/tests/auth.spec.ts:161:20

    attachment #1: screenshot (image/png) ──────────────────────────────────────────────────────────
    ../test-results/auth-Authentication-UI-Per-93863-hould-not-have-memory-leaks-chromium/test-failed-1.png
    ────────────────────────────────────────────────────────────────────────────────────────────────

    attachment #2: video (video/webm) ──────────────────────────────────────────────────────────────
    ../test-results/auth-Authentication-UI-Per-93863-hould-not-have-memory-leaks-chromium/video.webm
    ────────────────────────────────────────────────────────────────────────────────────────────────
]]>
</failure>
<system-out>
<![CDATA[
[[ATTACHMENT|test-results/auth-Authentication-UI-Per-93863-hould-not-have-memory-leaks-chromium/test-failed-1.png]]

[[ATTACHMENT|test-results/auth-Authentication-UI-Per-93863-hould-not-have-memory-leaks-chromium/video.webm]]
]]>
</system-out>
</testcase>
<testcase name="Authentication UI › Browser Compatibility › should work with modern features disabled" classname="auth.spec.ts" time="0.233">
<failure message="auth.spec.ts:427:9 should work with modern features disabled" type="FAILURE">
<![CDATA[  [chromium] › auth.spec.ts:427:9 › Authentication UI › Browser Compatibility › should work with modern features disabled 

    Error: page.goto: net::ERR_CONNECTION_REFUSED at http://localhost:8080/
    Call log:
      - navigating to "http://localhost:8080/", waiting until "load"


       9 |   // Navigation methods
      10 |   async goto() {
    > 11 |     await this.page.goto('/');
         |                     ^
      12 |   }
      13 |
      14 |   async goToSignup() {
        at AuthPage.goto (/Users/igor/rust_projects/lgr/live-bootcamp-project/auth-service/tests/ui/tests/auth.spec.ts:11:21)
        at /Users/igor/rust_projects/lgr/live-bootcamp-project/auth-service/tests/ui/tests/auth.spec.ts:161:20

    attachment #1: screenshot (image/png) ──────────────────────────────────────────────────────────
    ../test-results/auth-Authentication-UI-Bro-be6db-th-modern-features-disabled-chromium/test-failed-1.png
    ────────────────────────────────────────────────────────────────────────────────────────────────

    attachment #2: video (video/webm) ──────────────────────────────────────────────────────────────
    ../test-results/auth-Authentication-UI-Bro-be6db-th-modern-features-disabled-chromium/video.webm
    ────────────────────────────────────────────────────────────────────────────────────────────────
]]>
</failure>
<system-out>
<![CDATA[
[[ATTACHMENT|test-results/auth-Authentication-UI-Bro-be6db-th-modern-features-disabled-chromium/test-failed-1.png]]

[[ATTACHMENT|test-results/auth-Authentication-UI-Bro-be6db-th-modern-features-disabled-chromium/video.webm]]
]]>
</system-out>
</testcase>
</testsuite>
<testsuite name="debug.spec.ts" timestamp="2025-09-16T01:42:50.471Z" hostname="chromium" tests="1" failures="1" skipped="0" time="30.102" errors="0">
<testcase name="Debug DOM structure and click events" classname="debug.spec.ts" time="30.102">
<failure message="debug.spec.ts:3:5 Debug DOM structure and click events" type="FAILURE">
<![CDATA[  [chromium] › debug.spec.ts:3:5 › Debug DOM structure and click events ────────────────────────────

    Test timeout of 30000ms exceeded.

    Error: page.evaluate: Target page, context or browser has been closed

      75 |   
      76 |   // Strategy 3: Programmatic showView
    > 77 |   const programmaticResult = await page.evaluate(() => {
         |                                         ^
      78 |     console.log('\n=== Testing programmatic showView ===');
      79 |     if (window.authApp) {
      80 |       try {
        at /Users/igor/rust_projects/lgr/live-bootcamp-project/auth-service/tests/ui/tests/debug.spec.ts:77:41

    attachment #1: screenshot (image/png) ──────────────────────────────────────────────────────────
    ../test-results/debug-Debug-DOM-structure-and-click-events-chromium/test-failed-1.png
    ────────────────────────────────────────────────────────────────────────────────────────────────

    attachment #2: video (video/webm) ──────────────────────────────────────────────────────────────
    ../test-results/debug-Debug-DOM-structure-and-click-events-chromium/video.webm
    ────────────────────────────────────────────────────────────────────────────────────────────────

    Error Context: ../test-results/debug-Debug-DOM-structure-and-click-events-chromium/error-context.md
]]>
</failure>
<system-out>
<![CDATA[DOM structure: {
  navLinksCount: 0,
  sectionsCount: 5,
  authAppExists: true,
  authAppClass: 'undefined'
}

=== Testing signup link click ===
✅ Direct #signup-link click succeeded
Signup section visible after direct click: true
❌ Text-based "Sign Up" click failed: page.click: Test timeout of 30000ms exceeded.
Call log:
[2m  - waiting for locator('text=Sign Up')[22m


[[ATTACHMENT|test-results/debug-Debug-DOM-structure-and-click-events-chromium/test-failed-1.png]]

[[ATTACHMENT|test-results/debug-Debug-DOM-structure-and-click-events-chromium/video.webm]]

[[ATTACHMENT|test-results/debug-Debug-DOM-structure-and-click-events-chromium/error-context.md]]
]]>
</system-out>
</testcase>
</testsuite>
<testsuite name="demo.spec.ts" timestamp="2025-09-16T01:42:50.471Z" hostname="chromium" tests="5" failures="0" skipped="0" time="5.464" errors="0">
<testcase name="Modern UI Demonstration › should demonstrate modern UI design and core flows" classname="demo.spec.ts" time="2.642">
<system-out>
<![CDATA[✅ All core navigation and form interactions completed successfully
]]>
</system-out>
</testcase>
<testcase name="Modern UI Demonstration › should demonstrate responsive design" classname="demo.spec.ts" time="0.7">
</testcase>
<testcase name="Modern UI Demonstration › should demonstrate form validation and error states" classname="demo.spec.ts" time="0.742">
</testcase>
<testcase name="Modern UI Demonstration › should demonstrate loading states" classname="demo.spec.ts" time="0.52">
</testcase>
<testcase name="Modern UI Demonstration › should demonstrate toast notifications" classname="demo.spec.ts" time="0.86">
</testcase>
</testsuite>
<testsuite name="final-demo.spec.ts" timestamp="2025-09-16T01:42:50.471Z" hostname="chromium" tests="1" failures="1" skipped="0" time="0.128" errors="0">
<testcase name="Complete Modern UI Demonstration" classname="final-demo.spec.ts" time="0.128">
<failure message="final-demo.spec.ts:3:5 Complete Modern UI Demonstration" type="FAILURE">
<![CDATA[  [chromium] › final-demo.spec.ts:3:5 › Complete Modern UI Demonstration ───────────────────────────

    Error: page.goto: net::ERR_CONNECTION_REFUSED at http://localhost:8080/
    Call log:
      - navigating to "http://localhost:8080/", waiting until "load"


      16 |
      17 |   // Start demo
    > 18 |   await page.goto('/');
         |              ^
      19 |   console.log('✅ Modern UI loaded successfully');
      20 |   
      21 |   // Test login form validation
        at /Users/igor/rust_projects/lgr/live-bootcamp-project/auth-service/tests/ui/tests/final-demo.spec.ts:18:14

    attachment #1: screenshot (image/png) ──────────────────────────────────────────────────────────
    ../test-results/final-demo-Complete-Modern-UI-Demonstration-chromium/test-failed-1.png
    ────────────────────────────────────────────────────────────────────────────────────────────────

    attachment #2: video (video/webm) ──────────────────────────────────────────────────────────────
    ../test-results/final-demo-Complete-Modern-UI-Demonstration-chromium/video.webm
    ────────────────────────────────────────────────────────────────────────────────────────────────
]]>
</failure>
<system-out>
<![CDATA[
[[ATTACHMENT|test-results/final-demo-Complete-Modern-UI-Demonstration-chromium/test-failed-1.png]]

[[ATTACHMENT|test-results/final-demo-Complete-Modern-UI-Demonstration-chromium/video.webm]]
]]>
</system-out>
</testcase>
</testsuite>
<testsuite name="integration.spec.ts" timestamp="2025-09-16T01:42:50.471Z" hostname="chromium" tests="13" failures="13" skipped="0" time="2.182" errors="0">
<testcase name="Complete User Journey Integration › New User Onboarding › should complete full signup and login journey" classname="integration.spec.ts" time="0.145">
<failure message="integration.spec.ts:12:9 should complete full signup and login journey" type="FAILURE">
<![CDATA[  [chromium] › integration.spec.ts:12:9 › Complete User Journey Integration › New User Onboarding › should complete full signup and login journey 

    Error: page.goto: net::ERR_CONNECTION_REFUSED at http://localhost:8080/
    Call log:
      - navigating to "http://localhost:8080/", waiting until "load"


      14 |       const password = 'SecurePassword123!';
      15 |       
    > 16 |       await page.goto('/');
         |                  ^
      17 |       
      18 |       // Step 1: Navigate to signup
      19 |       await page.click('#signup-link');
        at /Users/igor/rust_projects/lgr/live-bootcamp-project/auth-service/tests/ui/tests/integration.spec.ts:16:18

    attachment #1: screenshot (image/png) ──────────────────────────────────────────────────────────
    ../test-results/integration-Complete-User--ca715-ll-signup-and-login-journey-chromium/test-failed-1.png
    ────────────────────────────────────────────────────────────────────────────────────────────────

    attachment #2: video (video/webm) ──────────────────────────────────────────────────────────────
    ../test-results/integration-Complete-User--ca715-ll-signup-and-login-journey-chromium/video.webm
    ────────────────────────────────────────────────────────────────────────────────────────────────
]]>
</failure>
<system-out>
<![CDATA[
[[ATTACHMENT|test-results/integration-Complete-User--ca715-ll-signup-and-login-journey-chromium/test-failed-1.png]]

[[ATTACHMENT|test-results/integration-Complete-User--ca715-ll-signup-and-login-journey-chromium/video.webm]]
]]>
</system-out>
</testcase>
<testcase name="Complete User Journey Integration › New User Onboarding › should handle signup with 2FA enabled" classname="integration.spec.ts" time="0.13">
<failure message="integration.spec.ts:42:9 should handle signup with 2FA enabled" type="FAILURE">
<![CDATA[  [chromium] › integration.spec.ts:42:9 › Complete User Journey Integration › New User Onboarding › should handle signup with 2FA enabled 

    Error: page.goto: net::ERR_CONNECTION_REFUSED at http://localhost:8080/
    Call log:
      - navigating to "http://localhost:8080/", waiting until "load"


      44 |       const password = 'SecurePassword123!';
      45 |       
    > 46 |       await page.goto('/');
         |                  ^
      47 |       
      48 |       // Navigate to signup
      49 |       await page.click('#signup-link');
        at /Users/igor/rust_projects/lgr/live-bootcamp-project/auth-service/tests/ui/tests/integration.spec.ts:46:18

    attachment #1: screenshot (image/png) ──────────────────────────────────────────────────────────
    ../test-results/integration-Complete-User--7dfac-dle-signup-with-2FA-enabled-chromium/test-failed-1.png
    ────────────────────────────────────────────────────────────────────────────────────────────────

    attachment #2: video (video/webm) ──────────────────────────────────────────────────────────────
    ../test-results/integration-Complete-User--7dfac-dle-signup-with-2FA-enabled-chromium/video.webm
    ────────────────────────────────────────────────────────────────────────────────────────────────
]]>
</failure>
<system-out>
<![CDATA[
[[ATTACHMENT|test-results/integration-Complete-User--7dfac-dle-signup-with-2FA-enabled-chromium/test-failed-1.png]]

[[ATTACHMENT|test-results/integration-Complete-User--7dfac-dle-signup-with-2FA-enabled-chromium/video.webm]]
]]>
</system-out>
</testcase>
<testcase name="Complete User Journey Integration › Password Recovery › should complete forgot password flow" classname="integration.spec.ts" time="0.157">
<failure message="integration.spec.ts:72:9 should complete forgot password flow" type="FAILURE">
<![CDATA[  [chromium] › integration.spec.ts:72:9 › Complete User Journey Integration › Password Recovery › should complete forgot password flow 

    Error: page.goto: net::ERR_CONNECTION_REFUSED at http://localhost:8080/
    Call log:
      - navigating to "http://localhost:8080/", waiting until "load"


      75 |       const newPassword = 'NewPassword123!';
      76 |       
    > 77 |       await page.goto('/');
         |                  ^
      78 |       
      79 |       // First create an account
      80 |       await page.click('#signup-link');
        at /Users/igor/rust_projects/lgr/live-bootcamp-project/auth-service/tests/ui/tests/integration.spec.ts:77:18

    attachment #1: screenshot (image/png) ──────────────────────────────────────────────────────────
    ../test-results/integration-Complete-User--98ad2-mplete-forgot-password-flow-chromium/test-failed-1.png
    ────────────────────────────────────────────────────────────────────────────────────────────────

    attachment #2: video (video/webm) ──────────────────────────────────────────────────────────────
    ../test-results/integration-Complete-User--98ad2-mplete-forgot-password-flow-chromium/video.webm
    ────────────────────────────────────────────────────────────────────────────────────────────────
]]>
</failure>
<system-out>
<![CDATA[
[[ATTACHMENT|test-results/integration-Complete-User--98ad2-mplete-forgot-password-flow-chromium/test-failed-1.png]]

[[ATTACHMENT|test-results/integration-Complete-User--98ad2-mplete-forgot-password-flow-chromium/video.webm]]
]]>
</system-out>
</testcase>
<testcase name="Complete User Journey Integration › Account Management › should manage 2FA settings" classname="integration.spec.ts" time="0.161">
<failure message="integration.spec.ts:109:9 should manage 2FA settings" type="FAILURE">
<![CDATA[  [chromium] › integration.spec.ts:109:9 › Complete User Journey Integration › Account Management › should manage 2FA settings 

    Error: page.goto: net::ERR_CONNECTION_REFUSED at http://localhost:8080/
    Call log:
      - navigating to "http://localhost:8080/", waiting until "load"


      112 |       
      113 |       // Setup: Create account and login
    > 114 |       await page.goto('/');
          |                  ^
      115 |       await page.click('#signup-link');
      116 |       await page.fill('#signup-email', email);
      117 |       await page.fill('#signup-password', password);
        at /Users/igor/rust_projects/lgr/live-bootcamp-project/auth-service/tests/ui/tests/integration.spec.ts:114:18

    attachment #1: screenshot (image/png) ──────────────────────────────────────────────────────────
    ../test-results/integration-Complete-User--a0ce1--should-manage-2FA-settings-chromium/test-failed-1.png
    ────────────────────────────────────────────────────────────────────────────────────────────────

    attachment #2: video (video/webm) ──────────────────────────────────────────────────────────────
    ../test-results/integration-Complete-User--a0ce1--should-manage-2FA-settings-chromium/video.webm
    ────────────────────────────────────────────────────────────────────────────────────────────────
]]>
</failure>
<system-out>
<![CDATA[
[[ATTACHMENT|test-results/integration-Complete-User--a0ce1--should-manage-2FA-settings-chromium/test-failed-1.png]]

[[ATTACHMENT|test-results/integration-Complete-User--a0ce1--should-manage-2FA-settings-chromium/video.webm]]
]]>
</system-out>
</testcase>
<testcase name="Complete User Journey Integration › Account Management › should handle account deletion" classname="integration.spec.ts" time="0.174">
<failure message="integration.spec.ts:143:9 should handle account deletion" type="FAILURE">
<![CDATA[  [chromium] › integration.spec.ts:143:9 › Complete User Journey Integration › Account Management › should handle account deletion 

    Error: page.goto: net::ERR_CONNECTION_REFUSED at http://localhost:8080/
    Call log:
      - navigating to "http://localhost:8080/", waiting until "load"


      146 |       
      147 |       // Setup: Create account and login
    > 148 |       await page.goto('/');
          |                  ^
      149 |       await page.click('#signup-link');
      150 |       await page.fill('#signup-email', email);
      151 |       await page.fill('#signup-password', password);
        at /Users/igor/rust_projects/lgr/live-bootcamp-project/auth-service/tests/ui/tests/integration.spec.ts:148:18

    attachment #1: screenshot (image/png) ──────────────────────────────────────────────────────────
    ../test-results/integration-Complete-User--36926-uld-handle-account-deletion-chromium/test-failed-1.png
    ────────────────────────────────────────────────────────────────────────────────────────────────

    attachment #2: video (video/webm) ──────────────────────────────────────────────────────────────
    ../test-results/integration-Complete-User--36926-uld-handle-account-deletion-chromium/video.webm
    ────────────────────────────────────────────────────────────────────────────────────────────────
]]>
</failure>
<system-out>
<![CDATA[
[[ATTACHMENT|test-results/integration-Complete-User--36926-uld-handle-account-deletion-chromium/test-failed-1.png]]

[[ATTACHMENT|test-results/integration-Complete-User--36926-uld-handle-account-deletion-chromium/video.webm]]
]]>
</system-out>
</testcase>
<testcase name="Complete User Journey Integration › Error Scenarios › should handle duplicate signup attempts" classname="integration.spec.ts" time="0.169">
<failure message="integration.spec.ts:176:9 should handle duplicate signup attempts" type="FAILURE">
<![CDATA[  [chromium] › integration.spec.ts:176:9 › Complete User Journey Integration › Error Scenarios › should handle duplicate signup attempts 

    Error: page.goto: net::ERR_CONNECTION_REFUSED at http://localhost:8080/
    Call log:
      - navigating to "http://localhost:8080/", waiting until "load"


      178 |       const password = 'Password123!';
      179 |       
    > 180 |       await page.goto('/');
          |                  ^
      181 |       
      182 |       // First signup
      183 |       await page.click('#signup-link');
        at /Users/igor/rust_projects/lgr/live-bootcamp-project/auth-service/tests/ui/tests/integration.spec.ts:180:18

    attachment #1: screenshot (image/png) ──────────────────────────────────────────────────────────
    ../test-results/integration-Complete-User--fbee4-e-duplicate-signup-attempts-chromium/test-failed-1.png
    ────────────────────────────────────────────────────────────────────────────────────────────────

    attachment #2: video (video/webm) ──────────────────────────────────────────────────────────────
    ../test-results/integration-Complete-User--fbee4-e-duplicate-signup-attempts-chromium/video.webm
    ────────────────────────────────────────────────────────────────────────────────────────────────
]]>
</failure>
<system-out>
<![CDATA[
[[ATTACHMENT|test-results/integration-Complete-User--fbee4-e-duplicate-signup-attempts-chromium/test-failed-1.png]]

[[ATTACHMENT|test-results/integration-Complete-User--fbee4-e-duplicate-signup-attempts-chromium/video.webm]]
]]>
</system-out>
</testcase>
<testcase name="Complete User Journey Integration › Error Scenarios › should handle invalid login credentials" classname="integration.spec.ts" time="0.153">
<failure message="integration.spec.ts:200:9 should handle invalid login credentials" type="FAILURE">
<![CDATA[  [chromium] › integration.spec.ts:200:9 › Complete User Journey Integration › Error Scenarios › should handle invalid login credentials 

    Error: page.goto: net::ERR_CONNECTION_REFUSED at http://localhost:8080/
    Call log:
      - navigating to "http://localhost:8080/", waiting until "load"


      199 |
      200 |     test('should handle invalid login credentials', async ({ page }) => {
    > 201 |       await page.goto('/');
          |                  ^
      202 |       
      203 |       await page.fill('#login-email', 'nonexistent@example.com');
      204 |       await page.fill('#login-password', 'wrongpassword');
        at /Users/igor/rust_projects/lgr/live-bootcamp-project/auth-service/tests/ui/tests/integration.spec.ts:201:18

    attachment #1: screenshot (image/png) ──────────────────────────────────────────────────────────
    ../test-results/integration-Complete-User--61f7e-e-invalid-login-credentials-chromium/test-failed-1.png
    ────────────────────────────────────────────────────────────────────────────────────────────────

    attachment #2: video (video/webm) ──────────────────────────────────────────────────────────────
    ../test-results/integration-Complete-User--61f7e-e-invalid-login-credentials-chromium/video.webm
    ────────────────────────────────────────────────────────────────────────────────────────────────
]]>
</failure>
<system-out>
<![CDATA[
[[ATTACHMENT|test-results/integration-Complete-User--61f7e-e-invalid-login-credentials-chromium/test-failed-1.png]]

[[ATTACHMENT|test-results/integration-Complete-User--61f7e-e-invalid-login-credentials-chromium/video.webm]]
]]>
</system-out>
</testcase>
<testcase name="Complete User Journey Integration › Error Scenarios › should handle malformed requests" classname="integration.spec.ts" time="0.192">
<failure message="integration.spec.ts:211:9 should handle malformed requests" type="FAILURE">
<![CDATA[  [chromium] › integration.spec.ts:211:9 › Complete User Journey Integration › Error Scenarios › should handle malformed requests 

    Error: page.goto: net::ERR_CONNECTION_REFUSED at http://localhost:8080/
    Call log:
      - navigating to "http://localhost:8080/", waiting until "load"


      210 |
      211 |     test('should handle malformed requests', async ({ page }) => {
    > 212 |       await page.goto('/');
          |                  ^
      213 |       
      214 |       // Try login with invalid email format
      215 |       await page.fill('#login-email', 'not-an-email');
        at /Users/igor/rust_projects/lgr/live-bootcamp-project/auth-service/tests/ui/tests/integration.spec.ts:212:18

    attachment #1: screenshot (image/png) ──────────────────────────────────────────────────────────
    ../test-results/integration-Complete-User--c57e8-d-handle-malformed-requests-chromium/test-failed-1.png
    ────────────────────────────────────────────────────────────────────────────────────────────────

    attachment #2: video (video/webm) ──────────────────────────────────────────────────────────────
    ../test-results/integration-Complete-User--c57e8-d-handle-malformed-requests-chromium/video.webm
    ────────────────────────────────────────────────────────────────────────────────────────────────
]]>
</failure>
<system-out>
<![CDATA[
[[ATTACHMENT|test-results/integration-Complete-User--c57e8-d-handle-malformed-requests-chromium/test-failed-1.png]]

[[ATTACHMENT|test-results/integration-Complete-User--c57e8-d-handle-malformed-requests-chromium/video.webm]]
]]>
</system-out>
</testcase>
<testcase name="Complete User Journey Integration › Error Scenarios › should handle server errors gracefully" classname="integration.spec.ts" time="0.189">
<failure message="integration.spec.ts:223:9 should handle server errors gracefully" type="FAILURE">
<![CDATA[  [chromium] › integration.spec.ts:223:9 › Complete User Journey Integration › Error Scenarios › should handle server errors gracefully 

    Error: page.goto: net::ERR_CONNECTION_REFUSED at http://localhost:8080/
    Call log:
      - navigating to "http://localhost:8080/", waiting until "load"


      222 |
      223 |     test('should handle server errors gracefully', async ({ page }) => {
    > 224 |       await page.goto('/');
          |                  ^
[...]
        at /Users/igor/rust_projects/lgr/live-bootcamp-project/auth-service/tests/ui/tests/mock-api.spec.ts:310:18

    attachment #1: screenshot (image/png) ──────────────────────────────────────────────────────────
    ../test-results/mock-api-UI-Functionality--7760e-uld-handle-account-deletion-mobile-safari/test-failed-1.png
    ────────────────────────────────────────────────────────────────────────────────────────────────

    attachment #2: video (video/webm) ──────────────────────────────────────────────────────────────
    ../test-results/mock-api-UI-Functionality--7760e-uld-handle-account-deletion-mobile-safari/video.webm
    ────────────────────────────────────────────────────────────────────────────────────────────────
]]>
</failure>
<system-out>
<![CDATA[
[[ATTACHMENT|test-results/mock-api-UI-Functionality--7760e-uld-handle-account-deletion-mobile-safari/test-failed-1.png]]

[[ATTACHMENT|test-results/mock-api-UI-Functionality--7760e-uld-handle-account-deletion-mobile-safari/video.webm]]
]]>
</system-out>
</testcase>
<testcase name="UI Functionality with Mock API › Account Settings › should handle logout" classname="mock-api.spec.ts" time="0.513">
<failure message="mock-api.spec.ts:336:9 should handle logout" type="FAILURE">
<![CDATA[  [mobile-safari] › mock-api.spec.ts:336:9 › UI Functionality with Mock API › Account Settings › should handle logout 

    Error: page.goto: Could not connect to the server.
    Call log:
      - navigating to "http://localhost:8080/", waiting until "load"


      335 |
      336 |     test('should handle logout', async ({ page }) => {
    > 337 |       await page.goto('/');
          |                  ^
      338 |       
      339 |       // Login first
      340 |       await page.fill('#login-email', 'logout@example.com');
        at /Users/igor/rust_projects/lgr/live-bootcamp-project/auth-service/tests/ui/tests/mock-api.spec.ts:337:18

    attachment #1: screenshot (image/png) ──────────────────────────────────────────────────────────
    ../test-results/mock-api-UI-Functionality--5ac1b-ttings-should-handle-logout-mobile-safari/test-failed-1.png
    ────────────────────────────────────────────────────────────────────────────────────────────────

    attachment #2: video (video/webm) ──────────────────────────────────────────────────────────────
    ../test-results/mock-api-UI-Functionality--5ac1b-ttings-should-handle-logout-mobile-safari/video.webm
    ────────────────────────────────────────────────────────────────────────────────────────────────
]]>
</failure>
<system-out>
<![CDATA[
[[ATTACHMENT|test-results/mock-api-UI-Functionality--5ac1b-ttings-should-handle-logout-mobile-safari/test-failed-1.png]]

[[ATTACHMENT|test-results/mock-api-UI-Functionality--5ac1b-ttings-should-handle-logout-mobile-safari/video.webm]]
]]>
</system-out>
</testcase>
<testcase name="UI Functionality with Mock API › Navigation and UI States › should navigate between all sections" classname="mock-api.spec.ts" time="0.523">
<failure message="mock-api.spec.ts:357:9 should navigate between all sections" type="FAILURE">
<![CDATA[  [mobile-safari] › mock-api.spec.ts:357:9 › UI Functionality with Mock API › Navigation and UI States › should navigate between all sections 

    Error: page.goto: Could not connect to the server.
    Call log:
      - navigating to "http://localhost:8080/", waiting until "load"


      356 |   test.describe('Navigation and UI States', () => {
      357 |     test('should navigate between all sections', async ({ page }) => {
    > 358 |       await page.goto('/');
          |                  ^
      359 |       
      360 |       // Initial: Login section
      361 |       await expect(page.locator('#login-section')).toBeVisible();
        at /Users/igor/rust_projects/lgr/live-bootcamp-project/auth-service/tests/ui/tests/mock-api.spec.ts:358:18

    attachment #1: screenshot (image/png) ──────────────────────────────────────────────────────────
    ../test-results/mock-api-UI-Functionality--31839-vigate-between-all-sections-mobile-safari/test-failed-1.png
    ────────────────────────────────────────────────────────────────────────────────────────────────

    attachment #2: video (video/webm) ──────────────────────────────────────────────────────────────
    ../test-results/mock-api-UI-Functionality--31839-vigate-between-all-sections-mobile-safari/video.webm
    ────────────────────────────────────────────────────────────────────────────────────────────────
]]>
</failure>
<system-out>
<![CDATA[
[[ATTACHMENT|test-results/mock-api-UI-Functionality--31839-vigate-between-all-sections-mobile-safari/test-failed-1.png]]

[[ATTACHMENT|test-results/mock-api-UI-Functionality--31839-vigate-between-all-sections-mobile-safari/video.webm]]
]]>
</system-out>
</testcase>
<testcase name="UI Functionality with Mock API › Navigation and UI States › should show loading states correctly" classname="mock-api.spec.ts" time="0.521">
<failure message="mock-api.spec.ts:384:9 should show loading states correctly" type="FAILURE">
<![CDATA[  [mobile-safari] › mock-api.spec.ts:384:9 › UI Functionality with Mock API › Navigation and UI States › should show loading states correctly 

    Error: page.goto: Could not connect to the server.
    Call log:
      - navigating to "http://localhost:8080/", waiting until "load"


      393 |       });
      394 |
    > 395 |       await page.goto('/');
          |                  ^
      396 |       
      397 |       await page.fill('#login-email', 'slow@example.com');
      398 |       await page.fill('#login-password', 'password123');
        at /Users/igor/rust_projects/lgr/live-bootcamp-project/auth-service/tests/ui/tests/mock-api.spec.ts:395:18

    attachment #1: screenshot (image/png) ──────────────────────────────────────────────────────────
    ../test-results/mock-api-UI-Functionality--e4811-ow-loading-states-correctly-mobile-safari/test-failed-1.png
    ────────────────────────────────────────────────────────────────────────────────────────────────

    attachment #2: video (video/webm) ──────────────────────────────────────────────────────────────
    ../test-results/mock-api-UI-Functionality--e4811-ow-loading-states-correctly-mobile-safari/video.webm
    ────────────────────────────────────────────────────────────────────────────────────────────────
]]>
</failure>
<system-out>
<![CDATA[
[[ATTACHMENT|test-results/mock-api-UI-Functionality--e4811-ow-loading-states-correctly-mobile-safari/test-failed-1.png]]

[[ATTACHMENT|test-results/mock-api-UI-Functionality--e4811-ow-loading-states-correctly-mobile-safari/video.webm]]
]]>
</system-out>
</testcase>
<testcase name="UI Functionality with Mock API › Navigation and UI States › should display toast notifications correctly" classname="mock-api.spec.ts" time="0.511">
<failure message="mock-api.spec.ts:413:9 should display toast notifications correctly" type="FAILURE">
<![CDATA[  [mobile-safari] › mock-api.spec.ts:413:9 › UI Functionality with Mock API › Navigation and UI States › should display toast notifications correctly 

    Error: page.goto: Could not connect to the server.
    Call log:
      - navigating to "http://localhost:8080/", waiting until "load"


      412 |
      413 |     test('should display toast notifications correctly', async ({ page }) => {
    > 414 |       await page.goto('/');
          |                  ^
      415 |       
      416 |       // Test success toast
      417 |       await page.click('#signup-link');
        at /Users/igor/rust_projects/lgr/live-bootcamp-project/auth-service/tests/ui/tests/mock-api.spec.ts:414:18

    attachment #1: screenshot (image/png) ──────────────────────────────────────────────────────────
    ../test-results/mock-api-UI-Functionality--39a2f-ast-notifications-correctly-mobile-safari/test-failed-1.png
    ────────────────────────────────────────────────────────────────────────────────────────────────

    attachment #2: video (video/webm) ──────────────────────────────────────────────────────────────
    ../test-results/mock-api-UI-Functionality--39a2f-ast-notifications-correctly-mobile-safari/video.webm
    ────────────────────────────────────────────────────────────────────────────────────────────────
]]>
</failure>
<system-out>
<![CDATA[
[[ATTACHMENT|test-results/mock-api-UI-Functionality--39a2f-ast-notifications-correctly-mobile-safari/test-failed-1.png]]

[[ATTACHMENT|test-results/mock-api-UI-Functionality--39a2f-ast-notifications-correctly-mobile-safari/video.webm]]
]]>
</system-out>
</testcase>
<testcase name="UI Functionality with Mock API › Navigation and UI States › should handle form validation feedback" classname="mock-api.spec.ts" time="0.512">
<failure message="mock-api.spec.ts:431:9 should handle form validation feedback" type="FAILURE">
<![CDATA[  [mobile-safari] › mock-api.spec.ts:431:9 › UI Functionality with Mock API › Navigation and UI States › should handle form validation feedback 

    Error: page.goto: Could not connect to the server.
    Call log:
      - navigating to "http://localhost:8080/", waiting until "load"


      430 |
      431 |     test('should handle form validation feedback', async ({ page }) => {
    > 432 |       await page.goto('/');
          |                  ^
      433 |       
      434 |       // Test invalid email
      435 |       await page.fill('#login-email', 'invalid-email');
        at /Users/igor/rust_projects/lgr/live-bootcamp-project/auth-service/tests/ui/tests/mock-api.spec.ts:432:18

    attachment #1: screenshot (image/png) ──────────────────────────────────────────────────────────
    ../test-results/mock-api-UI-Functionality--937e6-le-form-validation-feedback-mobile-safari/test-failed-1.png
    ────────────────────────────────────────────────────────────────────────────────────────────────

    attachment #2: video (video/webm) ──────────────────────────────────────────────────────────────
    ../test-results/mock-api-UI-Functionality--937e6-le-form-validation-feedback-mobile-safari/video.webm
    ────────────────────────────────────────────────────────────────────────────────────────────────
]]>
</failure>
<system-out>
<![CDATA[
[[ATTACHMENT|test-results/mock-api-UI-Functionality--937e6-le-form-validation-feedback-mobile-safari/test-failed-1.png]]

[[ATTACHMENT|test-results/mock-api-UI-Functionality--937e6-le-form-validation-feedback-mobile-safari/video.webm]]
]]>
</system-out>
</testcase>
<testcase name="UI Functionality with Mock API › Responsive Design › should work on mobile viewport" classname="mock-api.spec.ts" time="0.515">
<failure message="mock-api.spec.ts:457:9 should work on mobile viewport" type="FAILURE">
<![CDATA[  [mobile-safari] › mock-api.spec.ts:457:9 › UI Functionality with Mock API › Responsive Design › should work on mobile viewport 

    Error: page.goto: Could not connect to the server.
    Call log:
      - navigating to "http://localhost:8080/", waiting until "load"


      457 |     test('should work on mobile viewport', async ({ page }) => {
      458 |       await page.setViewportSize({ width: 375, height: 667 });
    > 459 |       await page.goto('/');
          |                  ^
      460 |       
      461 |       // Verify mobile layout
      462 |       await expect(page.locator('.auth-container')).toBeVisible();
        at /Users/igor/rust_projects/lgr/live-bootcamp-project/auth-service/tests/ui/tests/mock-api.spec.ts:459:18

    attachment #1: screenshot (image/png) ──────────────────────────────────────────────────────────
    ../test-results/mock-api-UI-Functionality--72dd1-uld-work-on-mobile-viewport-mobile-safari/test-failed-1.png
    ────────────────────────────────────────────────────────────────────────────────────────────────

    attachment #2: video (video/webm) ──────────────────────────────────────────────────────────────
    ../test-results/mock-api-UI-Functionality--72dd1-uld-work-on-mobile-viewport-mobile-safari/video.webm
    ────────────────────────────────────────────────────────────────────────────────────────────────
]]>
</failure>
<system-out>
<![CDATA[
[[ATTACHMENT|test-results/mock-api-UI-Functionality--72dd1-uld-work-on-mobile-viewport-mobile-safari/test-failed-1.png]]

[[ATTACHMENT|test-results/mock-api-UI-Functionality--72dd1-uld-work-on-mobile-viewport-mobile-safari/video.webm]]
]]>
</system-out>
</testcase>
<testcase name="UI Functionality with Mock API › Responsive Design › should work on tablet viewport" classname="mock-api.spec.ts" time="0.561">
<failure message="mock-api.spec.ts:481:9 should work on tablet viewport" type="FAILURE">
<![CDATA[  [mobile-safari] › mock-api.spec.ts:481:9 › UI Functionality with Mock API › Responsive Design › should work on tablet viewport 

    Error: page.goto: Could not connect to the server.
    Call log:
      - navigating to "http://localhost:8080/", waiting until "load"


      481 |     test('should work on tablet viewport', async ({ page }) => {
      482 |       await page.setViewportSize({ width: 768, height: 1024 });
    > 483 |       await page.goto('/');
          |                  ^
      484 |       
      485 |       // Verify tablet layout
      486 |       await expect(page.locator('.auth-container')).toBeVisible();
        at /Users/igor/rust_projects/lgr/live-bootcamp-project/auth-service/tests/ui/tests/mock-api.spec.ts:483:18

    attachment #1: screenshot (image/png) ──────────────────────────────────────────────────────────
    ../test-results/mock-api-UI-Functionality--5c317-uld-work-on-tablet-viewport-mobile-safari/test-failed-1.png
    ────────────────────────────────────────────────────────────────────────────────────────────────

    attachment #2: video (video/webm) ──────────────────────────────────────────────────────────────
    ../test-results/mock-api-UI-Functionality--5c317-uld-work-on-tablet-viewport-mobile-safari/video.webm
    ────────────────────────────────────────────────────────────────────────────────────────────────
]]>
</failure>
<system-out>
<![CDATA[
[[ATTACHMENT|test-results/mock-api-UI-Functionality--5c317-uld-work-on-tablet-viewport-mobile-safari/test-failed-1.png]]

[[ATTACHMENT|test-results/mock-api-UI-Functionality--5c317-uld-work-on-tablet-viewport-mobile-safari/video.webm]]
]]>
</system-out>
</testcase>
<testcase name="UI Functionality with Mock API › Accessibility › should have proper focus management" classname="mock-api.spec.ts" time="0.513">
<failure message="mock-api.spec.ts:499:9 should have proper focus management" type="FAILURE">
<![CDATA[  [mobile-safari] › mock-api.spec.ts:499:9 › UI Functionality with Mock API › Accessibility › should have proper focus management 

    Error: page.goto: Could not connect to the server.
    Call log:
      - navigating to "http://localhost:8080/", waiting until "load"


      498 |   test.describe('Accessibility', () => {
      499 |     test('should have proper focus management', async ({ page }) => {
    > 500 |       await page.goto('/');
          |                  ^
      501 |       
      502 |       // Tab through login form
      503 |       await page.keyboard.press('Tab');
        at /Users/igor/rust_projects/lgr/live-bootcamp-project/auth-service/tests/ui/tests/mock-api.spec.ts:500:18

    attachment #1: screenshot (image/png) ──────────────────────────────────────────────────────────
    ../test-results/mock-api-UI-Functionality--05fa9-ave-proper-focus-management-mobile-safari/test-failed-1.png
    ────────────────────────────────────────────────────────────────────────────────────────────────

    attachment #2: video (video/webm) ──────────────────────────────────────────────────────────────
    ../test-results/mock-api-UI-Functionality--05fa9-ave-proper-focus-management-mobile-safari/video.webm
    ────────────────────────────────────────────────────────────────────────────────────────────────
]]>
</failure>
<system-out>
<![CDATA[
[[ATTACHMENT|test-results/mock-api-UI-Functionality--05fa9-ave-proper-focus-management-mobile-safari/test-failed-1.png]]

[[ATTACHMENT|test-results/mock-api-UI-Functionality--05fa9-ave-proper-focus-management-mobile-safari/video.webm]]
]]>
</system-out>
</testcase>
<testcase name="UI Functionality with Mock API › Accessibility › should have proper ARIA attributes" classname="mock-api.spec.ts" time="0.515">
<failure message="mock-api.spec.ts:520:9 should have proper ARIA attributes" type="FAILURE">
<![CDATA[  [mobile-safari] › mock-api.spec.ts:520:9 › UI Functionality with Mock API › Accessibility › should have proper ARIA attributes 

    Error: page.goto: Could not connect to the server.
    Call log:
      - navigating to "http://localhost:8080/", waiting until "load"


      519 |
      520 |     test('should have proper ARIA attributes', async ({ page }) => {
    > 521 |       await page.goto('/');
          |                  ^
      522 |       
      523 |       // Test form ARIA labels
      524 |       await expect(page.locator('#login-email')).toHaveAttribute('aria-label', 'Email address');
        at /Users/igor/rust_projects/lgr/live-bootcamp-project/auth-service/tests/ui/tests/mock-api.spec.ts:521:18

    attachment #1: screenshot (image/png) ──────────────────────────────────────────────────────────
    ../test-results/mock-api-UI-Functionality--38554-have-proper-ARIA-attributes-mobile-safari/test-failed-1.png
    ────────────────────────────────────────────────────────────────────────────────────────────────

    attachment #2: video (video/webm) ──────────────────────────────────────────────────────────────
    ../test-results/mock-api-UI-Functionality--38554-have-proper-ARIA-attributes-mobile-safari/video.webm
    ────────────────────────────────────────────────────────────────────────────────────────────────
]]>
</failure>
<system-out>
<![CDATA[
[[ATTACHMENT|test-results/mock-api-UI-Functionality--38554-have-proper-ARIA-attributes-mobile-safari/test-failed-1.png]]

[[ATTACHMENT|test-results/mock-api-UI-Functionality--38554-have-proper-ARIA-attributes-mobile-safari/video.webm]]
]]>
</system-out>
</testcase>
<testcase name="UI Functionality with Mock API › Accessibility › should work with screen reader patterns" classname="mock-api.spec.ts" time="0.572">
<failure message="mock-api.spec.ts:532:9 should work with screen reader patterns" type="FAILURE">
<![CDATA[  [mobile-safari] › mock-api.spec.ts:532:9 › UI Functionality with Mock API › Accessibility › should work with screen reader patterns 

    Error: page.goto: Could not connect to the server.
    Call log:
      - navigating to "http://localhost:8080/", waiting until "load"


      531 |
      532 |     test('should work with screen reader patterns', async ({ page }) => {
    > 533 |       await page.goto('/');
          |                  ^
      534 |       
      535 |       // Navigate to signup
      536 |       await page.click('#signup-link');
        at /Users/igor/rust_projects/lgr/live-bootcamp-project/auth-service/tests/ui/tests/mock-api.spec.ts:533:18

    attachment #1: screenshot (image/png) ──────────────────────────────────────────────────────────
    ../test-results/mock-api-UI-Functionality--e9cbf-with-screen-reader-patterns-mobile-safari/test-failed-1.png
    ────────────────────────────────────────────────────────────────────────────────────────────────

    attachment #2: video (video/webm) ──────────────────────────────────────────────────────────────
    ../test-results/mock-api-UI-Functionality--e9cbf-with-screen-reader-patterns-mobile-safari/video.webm
    ────────────────────────────────────────────────────────────────────────────────────────────────
]]>
</failure>
<system-out>
<![CDATA[
[[ATTACHMENT|test-results/mock-api-UI-Functionality--e9cbf-with-screen-reader-patterns-mobile-safari/test-failed-1.png]]

[[ATTACHMENT|test-results/mock-api-UI-Functionality--e9cbf-with-screen-reader-patterns-mobile-safari/video.webm]]
]]>
</system-out>
</testcase>
</testsuite>
</testsuites>